<?xml version="1.0" encoding="UTF-8"?>
<!-- Generated by org.testng.reporters.JUnitReportReporter -->
<testsuite hostname="Abhisheks-MacBook-Air.local" failures="0" tests="2" name="OrangeHRMTestNG.OrangeHRMSupervisor" time="72.429" errors="0" timestamp="2023-01-27T10:57:26 IST" skipped="0">
  <testcase classname="OrangeHRMTestNG.OrangeHRMSupervisor" name="verifyHomepageTitle" time="0.012"/>
  <system-out/>
  <testcase classname="OrangeHRMTestNG.OrangeHRMSupervisor" name="Supervisor" time="72.417"/>
  <system-out/>
</testsuite> <!-- OrangeHRMTestNG.OrangeHRMSupervisor -->
