<?xml version="1.0" encoding="UTF-8"?>
<!-- Generated by org.testng.reporters.JUnitReportReporter -->
<testsuite hostname="Abhisheks-MacBook-Air.local" failures="0" tests="2" name="OrangeHRMTestNG.OrangeHRMEmployee" time="72.784" errors="0" timestamp="2023-01-27T10:57:26 IST" skipped="0">
  <testcase classname="OrangeHRMTestNG.OrangeHRMEmployee" name="Employee" time="72.769"/>
  <system-out/>
  <testcase classname="OrangeHRMTestNG.OrangeHRMEmployee" name="verifyHomepageTitle" time="0.015"/>
  <system-out/>
</testsuite> <!-- OrangeHRMTestNG.OrangeHRMEmployee -->
